[CYCLE NUMBER: 1]
[1: WB]     NOP: (Seq:        0)(Regs:   0,   0,   0)(Addr: 0)(PC: 0)
[1: WB]     NOP: (Seq:        0)(Regs:   0,   0,   0)(Addr: 0)(PC: 0)
[1: IF]    LOAD: (Seq:        1)(Regs:  11,   1,   0)(Addr: 1000)(PC: 4)
=================================================================================
                                       Cycle: -4  -3  -2  -1   0   1   2   3   4 
    NOP: (Seq:        0)(Regs:   0,   0,   0) IF  ID  EX MEM  WB 
    NOP: (Seq:        0)(Regs:   0,   0,   0)     IF  ID  EX MEM  WB 
    NOP: (Seq:        0)(Regs:   0,   0,   0)     IF  ID  EX MEM  WB 
    NOP: (Seq:        0)(Regs:   0,   0,   0)         IF  ID  EX MEM  WB 
    NOP: (Seq:        0)(Regs:   0,   0,   0)         IF  ID  EX MEM  WB 
    NOP: (Seq:        0)(Regs:   0,   0,   0)             IF  ID  EX MEM  WB 
   LOAD: (Seq:        1)(Regs:  11,   1,   0)                 IF  ID  EX MEM  WB 
=================================================================================
[CYCLE NUMBER: 2]
[2: WB]     NOP: (Seq:        0)(Regs:   0,   0,   0)(Addr: 0)(PC: 0)
[2: WB]     NOP: (Seq:        0)(Regs:   0,   0,   0)(Addr: 0)(PC: 0)
[2: IF]    LOAD: (Seq:        2)(Regs:  12,   2,   0)(Addr: 1000)(PC: 8)
=================================================================================
                                       Cycle: -4  -3  -2  -1   0   1   2   3   4 
    NOP: (Seq:        0)(Regs:   0,   0,   0) IF  ID  EX MEM  WB 
    NOP: (Seq:        0)(Regs:   0,   0,   0)     IF  ID  EX MEM  WB 
    NOP: (Seq:        0)(Regs:   0,   0,   0)     IF  ID  EX MEM  WB 
    NOP: (Seq:        0)(Regs:   0,   0,   0)         IF  ID  EX MEM  WB 
    NOP: (Seq:        0)(Regs:   0,   0,   0)         IF  ID  EX MEM  WB 
   LOAD: (Seq:        1)(Regs:  11,   1,   0)             IF  ID  EX MEM  WB 
   LOAD: (Seq:        2)(Regs:  12,   2,   0)                 IF  ID  EX MEM  WB 
=================================================================================
[CYCLE NUMBER: 3]
[3: WB]     NOP: (Seq:        0)(Regs:   0,   0,   0)(Addr: 0)(PC: 0)
[3: WB]     NOP: (Seq:        0)(Regs:   0,   0,   0)(Addr: 0)(PC: 0)
[3: IF]    LOAD: (Seq:        3)(Regs:  13,   3,   0)(Addr: 1000)(PC: 12)
=================================================================================
                                       Cycle: -4  -3  -2  -1   0   1   2   3   4 
    NOP: (Seq:        0)(Regs:   0,   0,   0) IF  ID  EX MEM  WB 
    NOP: (Seq:        0)(Regs:   0,   0,   0)     IF  ID  EX MEM  WB 
    NOP: (Seq:        0)(Regs:   0,   0,   0)     IF  ID  EX MEM  WB 
    NOP: (Seq:        0)(Regs:   0,   0,   0)         IF  ID  EX MEM  WB 
   LOAD: (Seq:        1)(Regs:  11,   1,   0)         IF  ID  EX MEM  WB 
   LOAD: (Seq:        2)(Regs:  12,   2,   0)             IF  ID  EX MEM  WB 
   LOAD: (Seq:        3)(Regs:  13,   3,   0)                 IF  ID  EX MEM  WB 
=================================================================================
[CYCLE NUMBER: 4]
[4: WB]     NOP: (Seq:        0)(Regs:   0,   0,   0)(Addr: 0)(PC: 0)
[4: WB]     NOP: (Seq:        0)(Regs:   0,   0,   0)(Addr: 0)(PC: 0)
=================================================================================
                                       Cycle: -4  -3  -2  -1   0   1   2   3   4 
    NOP: (Seq:        0)(Regs:   0,   0,   0) IF  ID  EX MEM  WB 
    NOP: (Seq:        0)(Regs:   0,   0,   0)     IF  ID  EX MEM  WB 
   LOAD: (Seq:        1)(Regs:  11,   1,   0)     IF  ID  EX MEM  WB 
    NOP: (Seq:        0)(Regs:   0,   0,   0)         IF  ID  EX MEM  WB 
   LOAD: (Seq:        2)(Regs:  12,   2,   0)         IF  ID  EX MEM  WB 
   LOAD: (Seq:        3)(Regs:  13,   3,   0)             IF  ID  EX MEM  WB 
    NOP: (Seq:        0)(Regs:   0,   0,   0)                 IF  ID  EX MEM  WB 
=================================================================================
[CYCLE NUMBER: 5]
[5: WB]     NOP: (Seq:        0)(Regs:   0,   0,   0)(Addr: 0)(PC: 0)
[5: WB]    LOAD: (Seq:        1)(Regs:  11,   1,   0)(Addr: 1000)(PC: 4)
=================================================================================
                                       Cycle: -4  -3  -2  -1   0   1   2   3   4 
    NOP: (Seq:        0)(Regs:   0,   0,   0) IF  ID  EX MEM  WB 
    NOP: (Seq:        0)(Regs:   0,   0,   0)     IF  ID  EX MEM  WB 
   LOAD: (Seq:        2)(Regs:  12,   2,   0)     IF  ID  EX MEM  WB 
    NOP: (Seq:        0)(Regs:   0,   0,   0)         IF  ID  EX MEM  WB 
   LOAD: (Seq:        3)(Regs:  13,   3,   0)         IF  ID  EX MEM  WB 
    NOP: (Seq:        0)(Regs:   0,   0,   0)             IF  ID  EX MEM  WB 
    NOP: (Seq:        0)(Regs:   0,   0,   0)                 IF  ID  EX MEM  WB 
=================================================================================
[CYCLE NUMBER: 6]
[6: WB]     NOP: (Seq:        0)(Regs:   0,   0,   0)(Addr: 0)(PC: 0)
[6: WB]    LOAD: (Seq:        2)(Regs:  12,   2,   0)(Addr: 1000)(PC: 8)
=================================================================================
                                       Cycle: -4  -3  -2  -1   0   1   2   3   4 
    NOP: (Seq:        0)(Regs:   0,   0,   0) IF  ID  EX MEM  WB 
    NOP: (Seq:        0)(Regs:   0,   0,   0)     IF  ID  EX MEM  WB 
   LOAD: (Seq:        3)(Regs:  13,   3,   0)     IF  ID  EX MEM  WB 
    NOP: (Seq:        0)(Regs:   0,   0,   0)         IF  ID  EX MEM  WB 
    NOP: (Seq:        0)(Regs:   0,   0,   0)         IF  ID  EX MEM  WB 
    NOP: (Seq:        0)(Regs:   0,   0,   0)             IF  ID  EX MEM  WB 
    NOP: (Seq:        0)(Regs:   0,   0,   0)                 IF  ID  EX MEM  WB 
=================================================================================
[CYCLE NUMBER: 7]
[7: WB]     NOP: (Seq:        0)(Regs:   0,   0,   0)(Addr: 0)(PC: 0)
[7: WB]    LOAD: (Seq:        3)(Regs:  13,   3,   0)(Addr: 1000)(PC: 12)
[7: IF]    LOAD: (Seq:        4)(Regs:  14,   4,   0)(Addr: 1000)(PC: 16)
=================================================================================
                                       Cycle: -4  -3  -2  -1   0   1   2   3   4 
    NOP: (Seq:        0)(Regs:   0,   0,   0) IF  ID  EX MEM  WB 
    NOP: (Seq:        0)(Regs:   0,   0,   0)     IF  ID  EX MEM  WB 
    NOP: (Seq:        0)(Regs:   0,   0,   0)     IF  ID  EX MEM  WB 
    NOP: (Seq:        0)(Regs:   0,   0,   0)         IF  ID  EX MEM  WB 
    NOP: (Seq:        0)(Regs:   0,   0,   0)         IF  ID  EX MEM  WB 
    NOP: (Seq:        0)(Regs:   0,   0,   0)             IF  ID  EX MEM  WB 
   LOAD: (Seq:        4)(Regs:  14,   4,   0)                 IF  ID  EX MEM  WB 
=================================================================================
[CYCLE NUMBER: 8]
[8: WB]     NOP: (Seq:        0)(Regs:   0,   0,   0)(Addr: 0)(PC: 0)
[8: WB]     NOP: (Seq:        0)(Regs:   0,   0,   0)(Addr: 0)(PC: 0)
[8: IF]    LOAD: (Seq:        5)(Regs:  15,   5,   0)(Addr: 1000)(PC: 20)
=================================================================================
                                       Cycle: -4  -3  -2  -1   0   1   2   3   4 
    NOP: (Seq:        0)(Regs:   0,   0,   0) IF  ID  EX MEM  WB 
    NOP: (Seq:        0)(Regs:   0,   0,   0)     IF  ID  EX MEM  WB 
    NOP: (Seq:        0)(Regs:   0,   0,   0)     IF  ID  EX MEM  WB 
    NOP: (Seq:        0)(Regs:   0,   0,   0)         IF  ID  EX MEM  WB 
    NOP: (Seq:        0)(Regs:   0,   0,   0)         IF  ID  EX MEM  WB 
   LOAD: (Seq:        4)(Regs:  14,   4,   0)             IF  ID  EX MEM  WB 
   LOAD: (Seq:        5)(Regs:  15,   5,   0)                 IF  ID  EX MEM  WB 
=================================================================================
[CYCLE NUMBER: 9]
[9: WB]     NOP: (Seq:        0)(Regs:   0,   0,   0)(Addr: 0)(PC: 0)
[9: WB]     NOP: (Seq:        0)(Regs:   0,   0,   0)(Addr: 0)(PC: 0)
[9: IF]    LOAD: (Seq:        6)(Regs:  16,   6,   0)(Addr: 1000)(PC: 24)
=================================================================================
                                       Cycle: -4  -3  -2  -1   0   1   2   3   4 
    NOP: (Seq:        0)(Regs:   0,   0,   0) IF  ID  EX MEM  WB 
    NOP: (Seq:        0)(Regs:   0,   0,   0)     IF  ID  EX MEM  WB 
    NOP: (Seq:        0)(Regs:   0,   0,   0)     IF  ID  EX MEM  WB 
    NOP: (Seq:        0)(Regs:   0,   0,   0)         IF  ID  EX MEM  WB 
   LOAD: (Seq:        4)(Regs:  14,   4,   0)         IF  ID  EX MEM  WB 
   LOAD: (Seq:        5)(Regs:  15,   5,   0)             IF  ID  EX MEM  WB 
   LOAD: (Seq:        6)(Regs:  16,   6,   0)                 IF  ID  EX MEM  WB 
=================================================================================
[CYCLE NUMBER: 10]
[10: WB]     NOP: (Seq:        0)(Regs:   0,   0,   0)(Addr: 0)(PC: 0)
[10: WB]     NOP: (Seq:        0)(Regs:   0,   0,   0)(Addr: 0)(PC: 0)
=================================================================================
                                       Cycle: -4  -3  -2  -1   0   1   2   3   4 
    NOP: (Seq:        0)(Regs:   0,   0,   0) IF  ID  EX MEM  WB 
    NOP: (Seq:        0)(Regs:   0,   0,   0)     IF  ID  EX MEM  WB 
   LOAD: (Seq:        4)(Regs:  14,   4,   0)     IF  ID  EX MEM  WB 
    NOP: (Seq:        0)(Regs:   0,   0,   0)         IF  ID  EX MEM  WB 
   LOAD: (Seq:        5)(Regs:  15,   5,   0)         IF  ID  EX MEM  WB 
   LOAD: (Seq:        6)(Regs:  16,   6,   0)             IF  ID  EX MEM  WB 
    NOP: (Seq:        0)(Regs:   0,   0,   0)                 IF  ID  EX MEM  WB 
=================================================================================
[CYCLE NUMBER: 11]
[11: WB]     NOP: (Seq:        0)(Regs:   0,   0,   0)(Addr: 0)(PC: 0)
[11: WB]    LOAD: (Seq:        4)(Regs:  14,   4,   0)(Addr: 1000)(PC: 16)
=================================================================================
                                       Cycle: -4  -3  -2  -1   0   1   2   3   4 
    NOP: (Seq:        0)(Regs:   0,   0,   0) IF  ID  EX MEM  WB 
    NOP: (Seq:        0)(Regs:   0,   0,   0)     IF  ID  EX MEM  WB 
   LOAD: (Seq:        5)(Regs:  15,   5,   0)     IF  ID  EX MEM  WB 
    NOP: (Seq:        0)(Regs:   0,   0,   0)         IF  ID  EX MEM  WB 
   LOAD: (Seq:        6)(Regs:  16,   6,   0)         IF  ID  EX MEM  WB 
    NOP: (Seq:        0)(Regs:   0,   0,   0)             IF  ID  EX MEM  WB 
    NOP: (Seq:        0)(Regs:   0,   0,   0)                 IF  ID  EX MEM  WB 
=================================================================================
[CYCLE NUMBER: 12]
[12: WB]     NOP: (Seq:        0)(Regs:   0,   0,   0)(Addr: 0)(PC: 0)
[12: WB]    LOAD: (Seq:        5)(Regs:  15,   5,   0)(Addr: 1000)(PC: 20)
=================================================================================
                                       Cycle: -4  -3  -2  -1   0   1   2   3   4 
    NOP: (Seq:        0)(Regs:   0,   0,   0) IF  ID  EX MEM  WB 
    NOP: (Seq:        0)(Regs:   0,   0,   0)     IF  ID  EX MEM  WB 
   LOAD: (Seq:        6)(Regs:  16,   6,   0)     IF  ID  EX MEM  WB 
    NOP: (Seq:        0)(Regs:   0,   0,   0)         IF  ID  EX MEM  WB 
    NOP: (Seq:        0)(Regs:   0,   0,   0)         IF  ID  EX MEM  WB 
    NOP: (Seq:        0)(Regs:   0,   0,   0)             IF  ID  EX MEM  WB 
    NOP: (Seq:        0)(Regs:   0,   0,   0)                 IF  ID  EX MEM  WB 
=================================================================================
[CYCLE NUMBER: 13]
[13: WB]     NOP: (Seq:        0)(Regs:   0,   0,   0)(Addr: 0)(PC: 0)
[13: WB]    LOAD: (Seq:        6)(Regs:  16,   6,   0)(Addr: 1000)(PC: 24)
[13: IF]    LOAD: (Seq:        7)(Regs:  17,   7,   0)(Addr: 1000)(PC: 28)
=================================================================================
                                       Cycle: -4  -3  -2  -1   0   1   2   3   4 
    NOP: (Seq:        0)(Regs:   0,   0,   0) IF  ID  EX MEM  WB 
    NOP: (Seq:        0)(Regs:   0,   0,   0)     IF  ID  EX MEM  WB 
    NOP: (Seq:        0)(Regs:   0,   0,   0)     IF  ID  EX MEM  WB 
    NOP: (Seq:        0)(Regs:   0,   0,   0)         IF  ID  EX MEM  WB 
    NOP: (Seq:        0)(Regs:   0,   0,   0)         IF  ID  EX MEM  WB 
    NOP: (Seq:        0)(Regs:   0,   0,   0)             IF  ID  EX MEM  WB 
   LOAD: (Seq:        7)(Regs:  17,   7,   0)                 IF  ID  EX MEM  WB 
=================================================================================
[CYCLE NUMBER: 14]
[14: WB]     NOP: (Seq:        0)(Regs:   0,   0,   0)(Addr: 0)(PC: 0)
[14: WB]     NOP: (Seq:        0)(Regs:   0,   0,   0)(Addr: 0)(PC: 0)
[14: IF]    LOAD: (Seq:        8)(Regs:  18,   8,   0)(Addr: 1000)(PC: 32)
=================================================================================
                                       Cycle: -4  -3  -2  -1   0   1   2   3   4 
    NOP: (Seq:        0)(Regs:   0,   0,   0) IF  ID  EX MEM  WB 
    NOP: (Seq:        0)(Regs:   0,   0,   0)     IF  ID  EX MEM  WB 
    NOP: (Seq:        0)(Regs:   0,   0,   0)     IF  ID  EX MEM  WB 
    NOP: (Seq:        0)(Regs:   0,   0,   0)         IF  ID  EX MEM  WB 
    NOP: (Seq:        0)(Regs:   0,   0,   0)         IF  ID  EX MEM  WB 
   LOAD: (Seq:        7)(Regs:  17,   7,   0)             IF  ID  EX MEM  WB 
   LOAD: (Seq:        8)(Regs:  18,   8,   0)                 IF  ID  EX MEM  WB 
=================================================================================
[CYCLE NUMBER: 15]
[15: WB]     NOP: (Seq:        0)(Regs:   0,   0,   0)(Addr: 0)(PC: 0)
[15: WB]     NOP: (Seq:        0)(Regs:   0,   0,   0)(Addr: 0)(PC: 0)
[15: IF]    LOAD: (Seq:        9)(Regs:  19,   9,   0)(Addr: 1000)(PC: 26)
=================================================================================
                                       Cycle: -4  -3  -2  -1   0   1   2   3   4 
    NOP: (Seq:        0)(Regs:   0,   0,   0) IF  ID  EX MEM  WB 
    NOP: (Seq:        0)(Regs:   0,   0,   0)     IF  ID  EX MEM  WB 
    NOP: (Seq:        0)(Regs:   0,   0,   0)     IF  ID  EX MEM  WB 
    NOP: (Seq:        0)(Regs:   0,   0,   0)         IF  ID  EX MEM  WB 
   LOAD: (Seq:        7)(Regs:  17,   7,   0)         IF  ID  EX MEM  WB 
   LOAD: (Seq:        8)(Regs:  18,   8,   0)             IF  ID  EX MEM  WB 
   LOAD: (Seq:        9)(Regs:  19,   9,   0)                 IF  ID  EX MEM  WB 
=================================================================================
[CYCLE NUMBER: 16]
[16: WB]     NOP: (Seq:        0)(Regs:   0,   0,   0)(Addr: 0)(PC: 0)
[16: WB]     NOP: (Seq:        0)(Regs:   0,   0,   0)(Addr: 0)(PC: 0)
=================================================================================
                                       Cycle: -4  -3  -2  -1   0   1   2   3   4 
    NOP: (Seq:        0)(Regs:   0,   0,   0) IF  ID  EX MEM  WB 
    NOP: (Seq:        0)(Regs:   0,   0,   0)     IF  ID  EX MEM  WB 
   LOAD: (Seq:        7)(Regs:  17,   7,   0)     IF  ID  EX MEM  WB 
    NOP: (Seq:        0)(Regs:   0,   0,   0)         IF  ID  EX MEM  WB 
   LOAD: (Seq:        8)(Regs:  18,   8,   0)         IF  ID  EX MEM  WB 
   LOAD: (Seq:        9)(Regs:  19,   9,   0)             IF  ID  EX MEM  WB 
    NOP: (Seq:        0)(Regs:   0,   0,   0)                 IF  ID  EX MEM  WB 
=================================================================================
[CYCLE NUMBER: 17]
[17: WB]     NOP: (Seq:        0)(Regs:   0,   0,   0)(Addr: 0)(PC: 0)
[17: WB]    LOAD: (Seq:        7)(Regs:  17,   7,   0)(Addr: 1000)(PC: 28)
=================================================================================
                                       Cycle: -4  -3  -2  -1   0   1   2   3   4 
    NOP: (Seq:        0)(Regs:   0,   0,   0) IF  ID  EX MEM  WB 
    NOP: (Seq:        0)(Regs:   0,   0,   0)     IF  ID  EX MEM  WB 
   LOAD: (Seq:        8)(Regs:  18,   8,   0)     IF  ID  EX MEM  WB 
    NOP: (Seq:        0)(Regs:   0,   0,   0)         IF  ID  EX MEM  WB 
   LOAD: (Seq:        9)(Regs:  19,   9,   0)         IF  ID  EX MEM  WB 
    NOP: (Seq:        0)(Regs:   0,   0,   0)             IF  ID  EX MEM  WB 
    NOP: (Seq:        0)(Regs:   0,   0,   0)                 IF  ID  EX MEM  WB 
=================================================================================
[CYCLE NUMBER: 18]
[18: WB]     NOP: (Seq:        0)(Regs:   0,   0,   0)(Addr: 0)(PC: 0)
[18: WB]    LOAD: (Seq:        8)(Regs:  18,   8,   0)(Addr: 1000)(PC: 32)
=================================================================================
                                       Cycle: -4  -3  -2  -1   0   1   2   3   4 
    NOP: (Seq:        0)(Regs:   0,   0,   0) IF  ID  EX MEM  WB 
    NOP: (Seq:        0)(Regs:   0,   0,   0)     IF  ID  EX MEM  WB 
   LOAD: (Seq:        9)(Regs:  19,   9,   0)     IF  ID  EX MEM  WB 
    NOP: (Seq:        0)(Regs:   0,   0,   0)         IF  ID  EX MEM  WB 
    NOP: (Seq:        0)(Regs:   0,   0,   0)         IF  ID  EX MEM  WB 
    NOP: (Seq:        0)(Regs:   0,   0,   0)             IF  ID  EX MEM  WB 
    NOP: (Seq:        0)(Regs:   0,   0,   0)                 IF  ID  EX MEM  WB 
=================================================================================
[CYCLE NUMBER: 19]
[19: WB]     NOP: (Seq:        0)(Regs:   0,   0,   0)(Addr: 0)(PC: 0)
[19: WB]    LOAD: (Seq:        9)(Regs:  19,   9,   0)(Addr: 1000)(PC: 26)
[19: IF]    LOAD: (Seq:       10)(Regs:  20,  10,   0)(Addr: 1000)(PC: 40)
=================================================================================
                                       Cycle: -4  -3  -2  -1   0   1   2   3   4 
    NOP: (Seq:        0)(Regs:   0,   0,   0) IF  ID  EX MEM  WB 
    NOP: (Seq:        0)(Regs:   0,   0,   0)     IF  ID  EX MEM  WB 
    NOP: (Seq:        0)(Regs:   0,   0,   0)     IF  ID  EX MEM  WB 
    NOP: (Seq:        0)(Regs:   0,   0,   0)         IF  ID  EX MEM  WB 
    NOP: (Seq:        0)(Regs:   0,   0,   0)         IF  ID  EX MEM  WB 
    NOP: (Seq:        0)(Regs:   0,   0,   0)             IF  ID  EX MEM  WB 
   LOAD: (Seq:       10)(Regs:  20,  10,   0)                 IF  ID  EX MEM  WB 
=================================================================================
[CYCLE NUMBER: 20]
[20: WB]     NOP: (Seq:        0)(Regs:   0,   0,   0)(Addr: 0)(PC: 0)
[20: WB]     NOP: (Seq:        0)(Regs:   0,   0,   0)(Addr: 0)(PC: 0)
=================================================================================
                                       Cycle: -4  -3  -2  -1   0   1   2   3   4 
    NOP: (Seq:        0)(Regs:   0,   0,   0) IF  ID  EX MEM  WB 
    NOP: (Seq:        0)(Regs:   0,   0,   0)     IF  ID  EX MEM  WB 
    NOP: (Seq:        0)(Regs:   0,   0,   0)     IF  ID  EX MEM  WB 
    NOP: (Seq:        0)(Regs:   0,   0,   0)         IF  ID  EX MEM  WB 
    NOP: (Seq:        0)(Regs:   0,   0,   0)         IF  ID  EX MEM  WB 
   LOAD: (Seq:       10)(Regs:  20,  10,   0)             IF  ID  EX MEM  WB 
    NOP: (Seq:        0)(Regs:   0,   0,   0)                 IF  ID  EX MEM  WB 
=================================================================================
[CYCLE NUMBER: 21]
[21: WB]     NOP: (Seq:        0)(Regs:   0,   0,   0)(Addr: 0)(PC: 0)
[21: WB]     NOP: (Seq:        0)(Regs:   0,   0,   0)(Addr: 0)(PC: 0)
=================================================================================
                                       Cycle: -4  -3  -2  -1   0   1   2   3   4 
    NOP: (Seq:        0)(Regs:   0,   0,   0) IF  ID  EX MEM  WB 
    NOP: (Seq:        0)(Regs:   0,   0,   0)     IF  ID  EX MEM  WB 
    NOP: (Seq:        0)(Regs:   0,   0,   0)     IF  ID  EX MEM  WB 
    NOP: (Seq:        0)(Regs:   0,   0,   0)         IF  ID  EX MEM  WB 
   LOAD: (Seq:       10)(Regs:  20,  10,   0)         IF  ID  EX MEM  WB 
    NOP: (Seq:        0)(Regs:   0,   0,   0)             IF  ID  EX MEM  WB 
    NOP: (Seq:        0)(Regs:   0,   0,   0)                 IF  ID  EX MEM  WB 
=================================================================================
[CYCLE NUMBER: 22]
[22: WB]     NOP: (Seq:        0)(Regs:   0,   0,   0)(Addr: 0)(PC: 0)
[22: WB]     NOP: (Seq:        0)(Regs:   0,   0,   0)(Addr: 0)(PC: 0)
=================================================================================
                                       Cycle: -4  -3  -2  -1   0   1   2   3   4 
    NOP: (Seq:        0)(Regs:   0,   0,   0) IF  ID  EX MEM  WB 
    NOP: (Seq:        0)(Regs:   0,   0,   0)     IF  ID  EX MEM  WB 
   LOAD: (Seq:       10)(Regs:  20,  10,   0)     IF  ID  EX MEM  WB 
    NOP: (Seq:        0)(Regs:   0,   0,   0)         IF  ID  EX MEM  WB 
    NOP: (Seq:        0)(Regs:   0,   0,   0)         IF  ID  EX MEM  WB 
    NOP: (Seq:        0)(Regs:   0,   0,   0)             IF  ID  EX MEM  WB 
    NOP: (Seq:        0)(Regs:   0,   0,   0)                 IF  ID  EX MEM  WB 
=================================================================================
[CYCLE NUMBER: 23]
[23: WB]     NOP: (Seq:        0)(Regs:   0,   0,   0)(Addr: 0)(PC: 0)
[23: WB]    LOAD: (Seq:       10)(Regs:  20,  10,   0)(Addr: 1000)(PC: 40)
=================================================================================
                                       Cycle: -4  -3  -2  -1   0   1   2   3   4 
    NOP: (Seq:        0)(Regs:   0,   0,   0) IF  ID  EX MEM  WB 
    NOP: (Seq:        0)(Regs:   0,   0,   0)     IF  ID  EX MEM  WB 
    NOP: (Seq:        0)(Regs:   0,   0,   0)     IF  ID  EX MEM  WB 
    NOP: (Seq:        0)(Regs:   0,   0,   0)         IF  ID  EX MEM  WB 
    NOP: (Seq:        0)(Regs:   0,   0,   0)         IF  ID  EX MEM  WB 
    NOP: (Seq:        0)(Regs:   0,   0,   0)             IF  ID  EX MEM  WB 
    NOP: (Seq:        0)(Regs:   0,   0,   0)                 IF  ID  EX MEM  WB 
=================================================================================
+ Number of cycles : 23
+ IPC (Instructions Per Cycle) : 0.4348
